<?xml version="1.0" encoding="UTF-8"?>
<!-- Generated by org.testng.reporters.JUnitReportReporter -->
<testsuite hostname="NODE49" name="p1.GoogleFstLinkTest" tests="1" failures="0" timestamp="10 Nov 2014 07:51:19 GMT" time="26.309" errors="0">
  <testcase name="googleTest1" time="26.309" classname="p1.GoogleFstLinkTest"/>
</testsuite> <!-- p1.GoogleFstLinkTest -->
